<?xml version="1.0" encoding="UTF-8"?>
<testng-results ignored="0" total="6" passed="6" failed="0" skipped="0">
  <reporter-output>
  </reporter-output>
  <suite started-at="2024-04-02T14:13:49 IST" name="Default suite" finished-at="2024-04-02T14:15:53 IST" duration-ms="124237">
    <groups>
      <group name="cucumber">
        <method signature="AbstractTestNGCucumberTests.runScenario(io.cucumber.testng.PickleWrapper,io.cucumber.testng.FeatureWrapper)[pri:0, instance:RunnerPackage.RunnerSample@353352b6]" name="runScenario" class="io.cucumber.testng.AbstractTestNGCucumberTests"/>
      </group> <!-- cucumber -->
    </groups>
    <test started-at="2024-04-02T14:13:49 IST" name="Default test" finished-at="2024-04-02T14:15:53 IST" duration-ms="124237">
      <class name="RunnerPackage.RunnerSample">
        <test-method is-config="true" signature="setUpClass(org.testng.ITestContext)[pri:0, instance:RunnerPackage.RunnerSample@353352b6]" started-at="2024-04-02T14:13:49 IST" name="setUpClass" finished-at="2024-04-02T14:13:50 IST" duration-ms="695" status="PASS">
          <params>
            <param index="0">
              <value>
                <![CDATA[org.testng.TestRunner@4c164f81]]>
              </value>
            </param>
          </params>
          <reporter-output>
          </reporter-output>
        </test-method> <!-- setUpClass -->
        <test-method signature="runScenario(io.cucumber.testng.PickleWrapper,io.cucumber.testng.FeatureWrapper)[pri:0, instance:RunnerPackage.RunnerSample@353352b6]" started-at="2024-04-02T14:13:50 IST" name="runScenario" description="Runs Cucumber Scenarios" data-provider="scenarios" finished-at="2024-04-02T14:14:06 IST" duration-ms="16661" status="PASS">
          <params>
            <param index="0">
              <value>
                <![CDATA["Project Search Section"]]>
              </value>
            </param>
            <param index="1">
              <value>
                <![CDATA["HomePage Feature"]]>
              </value>
            </param>
          </params>
          <reporter-output>
          </reporter-output>
        </test-method> <!-- runScenario -->
        <test-method signature="runScenario(io.cucumber.testng.PickleWrapper,io.cucumber.testng.FeatureWrapper)[pri:0, instance:RunnerPackage.RunnerSample@353352b6]" started-at="2024-04-02T14:14:06 IST" name="runScenario" description="Runs Cucumber Scenarios" data-provider="scenarios" finished-at="2024-04-02T14:14:24 IST" duration-ms="17166" status="PASS">
          <params>
            <param index="0">
              <value>
                <![CDATA["Project Search Section"]]>
              </value>
            </param>
            <param index="1">
              <value>
                <![CDATA["HomePage Feature"]]>
              </value>
            </param>
          </params>
          <reporter-output>
          </reporter-output>
        </test-method> <!-- runScenario -->
        <test-method signature="runScenario(io.cucumber.testng.PickleWrapper,io.cucumber.testng.FeatureWrapper)[pri:0, instance:RunnerPackage.RunnerSample@353352b6]" started-at="2024-04-02T14:14:24 IST" name="runScenario" description="Runs Cucumber Scenarios" data-provider="scenarios" finished-at="2024-04-02T14:14:40 IST" duration-ms="16119" status="PASS">
          <params>
            <param index="0">
              <value>
                <![CDATA["Post Property Section Invalid Number"]]>
              </value>
            </param>
            <param index="1">
              <value>
                <![CDATA["HomePage Feature"]]>
              </value>
            </param>
          </params>
          <reporter-output>
          </reporter-output>
        </test-method> <!-- runScenario -->
        <test-method signature="runScenario(io.cucumber.testng.PickleWrapper,io.cucumber.testng.FeatureWrapper)[pri:0, instance:RunnerPackage.RunnerSample@353352b6]" started-at="2024-04-02T14:14:40 IST" name="runScenario" description="Runs Cucumber Scenarios" data-provider="scenarios" finished-at="2024-04-02T14:14:56 IST" duration-ms="16339" status="PASS">
          <params>
            <param index="0">
              <value>
                <![CDATA["Insights and Tools Section"]]>
              </value>
            </param>
            <param index="1">
              <value>
                <![CDATA["HomePage Feature"]]>
              </value>
            </param>
          </params>
          <reporter-output>
          </reporter-output>
        </test-method> <!-- runScenario -->
        <test-method signature="runScenario(io.cucumber.testng.PickleWrapper,io.cucumber.testng.FeatureWrapper)[pri:0, instance:RunnerPackage.RunnerSample@353352b6]" started-at="2024-04-02T14:14:56 IST" name="runScenario" description="Runs Cucumber Scenarios" data-provider="scenarios" finished-at="2024-04-02T14:15:20 IST" duration-ms="23847" status="PASS">
          <params>
            <param index="0">
              <value>
                <![CDATA["Post Property Section"]]>
              </value>
            </param>
            <param index="1">
              <value>
                <![CDATA["HomePage Feature"]]>
              </value>
            </param>
          </params>
          <reporter-output>
          </reporter-output>
        </test-method> <!-- runScenario -->
        <test-method signature="runScenario(io.cucumber.testng.PickleWrapper,io.cucumber.testng.FeatureWrapper)[pri:0, instance:RunnerPackage.RunnerSample@353352b6]" started-at="2024-04-02T14:15:20 IST" name="runScenario" description="Runs Cucumber Scenarios" data-provider="scenarios" finished-at="2024-04-02T14:15:40 IST" duration-ms="20465" status="PASS">
          <params>
            <param index="0">
              <value>
                <![CDATA["Navigate to privacy policy in footer Section"]]>
              </value>
            </param>
            <param index="1">
              <value>
                <![CDATA["HomePage Feature"]]>
              </value>
            </param>
          </params>
          <reporter-output>
          </reporter-output>
        </test-method> <!-- runScenario -->
        <test-method is-config="true" signature="tearDownClass()[pri:0, instance:RunnerPackage.RunnerSample@353352b6]" started-at="2024-04-02T14:15:40 IST" name="tearDownClass" finished-at="2024-04-02T14:15:53 IST" duration-ms="12897" status="PASS">
          <reporter-output>
          </reporter-output>
        </test-method> <!-- tearDownClass -->
      </class> <!-- RunnerPackage.RunnerSample -->
    </test> <!-- Default test -->
  </suite> <!-- Default suite -->
</testng-results>
