<?xml version="1.0" encoding="UTF-8"?>
<testng-results ignored="0" total="1" passed="1" failed="0" skipped="0">
  <reporter-output>
  </reporter-output>
  <suite started-at="2024-04-01T12:57:20 IST" name="Default suite" finished-at="2024-04-01T12:57:37 IST" duration-ms="16180">
    <groups>
      <group name="cucumber">
        <method signature="AbstractTestNGCucumberTests.runScenario(io.cucumber.testng.PickleWrapper,io.cucumber.testng.FeatureWrapper)[pri:0, instance:RunnerPackage.RunnerSample@353352b6]" name="runScenario" class="io.cucumber.testng.AbstractTestNGCucumberTests"/>
      </group> <!-- cucumber -->
    </groups>
    <test started-at="2024-04-01T12:57:20 IST" name="Default test" finished-at="2024-04-01T12:57:37 IST" duration-ms="16180">
      <class name="RunnerPackage.RunnerSample">
        <test-method is-config="true" signature="setUpClass(org.testng.ITestContext)[pri:0, instance:RunnerPackage.RunnerSample@353352b6]" started-at="2024-04-01T12:57:20 IST" name="setUpClass" finished-at="2024-04-01T12:57:21 IST" duration-ms="176" status="PASS">
          <params>
            <param index="0">
              <value>
                <![CDATA[org.testng.TestRunner@314c8b4a]]>
              </value>
            </param>
          </params>
          <reporter-output>
          </reporter-output>
        </test-method> <!-- setUpClass -->
        <test-method signature="runScenario(io.cucumber.testng.PickleWrapper,io.cucumber.testng.FeatureWrapper)[pri:0, instance:RunnerPackage.RunnerSample@353352b6]" started-at="2024-04-01T12:57:21 IST" name="runScenario" description="Runs Cucumber Scenarios" data-provider="scenarios" finished-at="2024-04-01T12:57:37 IST" duration-ms="15959" status="PASS">
          <params>
            <param index="0">
              <value>
                <![CDATA["Navigate to privacy policy in footer Section"]]>
              </value>
            </param>
            <param index="1">
              <value>
                <![CDATA["HomePage Feature"]]>
              </value>
            </param>
          </params>
          <reporter-output>
          </reporter-output>
        </test-method> <!-- runScenario -->
        <test-method is-config="true" signature="tearDownClass()[pri:0, instance:RunnerPackage.RunnerSample@353352b6]" started-at="2024-04-01T12:57:37 IST" name="tearDownClass" finished-at="2024-04-01T12:57:37 IST" duration-ms="5" status="PASS">
          <reporter-output>
          </reporter-output>
        </test-method> <!-- tearDownClass -->
      </class> <!-- RunnerPackage.RunnerSample -->
    </test> <!-- Default test -->
  </suite> <!-- Default suite -->
</testng-results>
