<?xml version="1.0" encoding="UTF-8"?>
<testng-results ignored="0" total="1" passed="0" failed="1" skipped="0">
  <reporter-output>
  </reporter-output>
  <suite started-at="2024-03-27T22:20:09 IST" name="Default suite" finished-at="2024-03-27T22:20:33 IST" duration-ms="24232">
    <groups>
      <group name="cucumber">
        <method signature="AbstractTestNGCucumberTests.runScenario(io.cucumber.testng.PickleWrapper,io.cucumber.testng.FeatureWrapper)[pri:0, instance:RunnerPackage.RunnerSample@353352b6]" name="runScenario" class="io.cucumber.testng.AbstractTestNGCucumberTests"/>
      </group> <!-- cucumber -->
    </groups>
    <test started-at="2024-03-27T22:20:09 IST" name="Default test" finished-at="2024-03-27T22:20:33 IST" duration-ms="24232">
      <class name="RunnerPackage.RunnerSample">
        <test-method is-config="true" signature="setUpClass(org.testng.ITestContext)[pri:0, instance:RunnerPackage.RunnerSample@353352b6]" started-at="2024-03-27T22:20:09 IST" name="setUpClass" finished-at="2024-03-27T22:20:09 IST" duration-ms="187" status="PASS">
          <params>
            <param index="0">
              <value>
                <![CDATA[org.testng.TestRunner@369c9bb]]>
              </value>
            </param>
          </params>
          <reporter-output>
          </reporter-output>
        </test-method> <!-- setUpClass -->
        <test-method signature="runScenario(io.cucumber.testng.PickleWrapper,io.cucumber.testng.FeatureWrapper)[pri:0, instance:RunnerPackage.RunnerSample@353352b6]" started-at="2024-03-27T22:20:09 IST" name="runScenario" description="Runs Cucumber Scenarios" data-provider="scenarios" finished-at="2024-03-27T22:20:33 IST" duration-ms="23990" status="FAIL">
          <params>
            <param index="0">
              <value>
                <![CDATA["Insights and Tools Section"]]>
              </value>
            </param>
            <param index="1">
              <value>
                <![CDATA["HomePage Feature"]]>
              </value>
            </param>
          </params>
          <exception class="org.openqa.selenium.ElementClickInterceptedException">
            <message>
              <![CDATA[element click intercepted: Element is not clickable at point (631, 870)
  (Session info: chrome=123.0.6312.86)
Build info: version: '4.18.1', revision: 'b1d3319b48'
System info: os.name: 'Windows 11', os.arch: 'amd64', os.version: '10.0', java.version: '17.0.9'
Driver info: org.openqa.selenium.chrome.ChromeDriver
Command: [a37092fe9016d94806c8d505042fec27, clickElement {id=f.5EB1C9B17BE75D995BA3B337AE4B2132.d.F8591C7C0D00EBFE76DA3951A58303AA.e.55}]
Capabilities {acceptInsecureCerts: false, browserName: chrome, browserVersion: 123.0.6312.86, chrome: {chromedriverVersion: 123.0.6312.86 (9b72c47a0536..., userDataDir: C:\Windows\SystemTemp\scope...}, fedcm:accounts: true, goog:chromeOptions: {debuggerAddress: localhost:49376}, networkConnectionEnabled: false, pageLoadStrategy: normal, platformName: windows, proxy: Proxy(), se:cdp: ws://localhost:49376/devtoo..., se:cdpVersion: 123.0.6312.86, setWindowRect: true, strictFileInteractability: false, timeouts: {implicit: 0, pageLoad: 300000, script: 30000}, unhandledPromptBehavior: dismiss and notify, webauthn:extension:credBlob: true, webauthn:extension:largeBlob: true, webauthn:extension:minPinLength: true, webauthn:extension:prf: true, webauthn:virtualAuthenticators: true}
Element: [[ChromeDriver: chrome on windows (a37092fe9016d94806c8d505042fec27)] -> xpath: //*[@class ='insightAndUtilities__insightsWrap']]
Session ID: a37092fe9016d94806c8d505042fec27]]>
            </message>
            <full-stacktrace>
              <![CDATA[org.openqa.selenium.ElementClickInterceptedException: element click intercepted: Element is not clickable at point (631, 870)
  (Session info: chrome=123.0.6312.86)
Build info: version: '4.18.1', revision: 'b1d3319b48'
System info: os.name: 'Windows 11', os.arch: 'amd64', os.version: '10.0', java.version: '17.0.9'
Driver info: org.openqa.selenium.chrome.ChromeDriver
Command: [a37092fe9016d94806c8d505042fec27, clickElement {id=f.5EB1C9B17BE75D995BA3B337AE4B2132.d.F8591C7C0D00EBFE76DA3951A58303AA.e.55}]
Capabilities {acceptInsecureCerts: false, browserName: chrome, browserVersion: 123.0.6312.86, chrome: {chromedriverVersion: 123.0.6312.86 (9b72c47a0536..., userDataDir: C:\Windows\SystemTemp\scope...}, fedcm:accounts: true, goog:chromeOptions: {debuggerAddress: localhost:49376}, networkConnectionEnabled: false, pageLoadStrategy: normal, platformName: windows, proxy: Proxy(), se:cdp: ws://localhost:49376/devtoo..., se:cdpVersion: 123.0.6312.86, setWindowRect: true, strictFileInteractability: false, timeouts: {implicit: 0, pageLoad: 300000, script: 30000}, unhandledPromptBehavior: dismiss and notify, webauthn:extension:credBlob: true, webauthn:extension:largeBlob: true, webauthn:extension:minPinLength: true, webauthn:extension:prf: true, webauthn:virtualAuthenticators: true}
Element: [[ChromeDriver: chrome on windows (a37092fe9016d94806c8d505042fec27)] -> xpath: //*[@class ='insightAndUtilities__insightsWrap']]
Session ID: a37092fe9016d94806c8d505042fec27
at java.base/jdk.internal.reflect.NativeConstructorAccessorImpl.newInstance0(Native Method)
at java.base/jdk.internal.reflect.NativeConstructorAccessorImpl.newInstance(NativeConstructorAccessorImpl.java:77)
at java.base/jdk.internal.reflect.DelegatingConstructorAccessorImpl.newInstance(DelegatingConstructorAccessorImpl.java:45)
at java.base/java.lang.reflect.Constructor.newInstanceWithCaller(Constructor.java:499)
at java.base/java.lang.reflect.Constructor.newInstance(Constructor.java:480)
at org.openqa.selenium.remote.ErrorCodec.decode(ErrorCodec.java:167)
at org.openqa.selenium.remote.codec.w3c.W3CHttpResponseCodec.decode(W3CHttpResponseCodec.java:138)
at org.openqa.selenium.remote.codec.w3c.W3CHttpResponseCodec.decode(W3CHttpResponseCodec.java:50)
at org.openqa.selenium.remote.HttpCommandExecutor.execute(HttpCommandExecutor.java:190)
at org.openqa.selenium.remote.service.DriverCommandExecutor.invokeExecute(DriverCommandExecutor.java:216)
at org.openqa.selenium.remote.service.DriverCommandExecutor.execute(DriverCommandExecutor.java:174)
at org.openqa.selenium.remote.RemoteWebDriver.execute(RemoteWebDriver.java:519)
at org.openqa.selenium.remote.RemoteWebElement.execute(RemoteWebElement.java:223)
at org.openqa.selenium.remote.RemoteWebElement.click(RemoteWebElement.java:76)
at StepPackage.StepSample.user_clicks_on_the_view_all_insights(StepSample.java:100)
at ✽.user clicks on the view all Insights(file:///C:/Users/BPOOJITH/eclipse-workspace/Acres_SamplePro/FeaturesFolder/FeatureSample.feature:27)
]]>
            </full-stacktrace>
          </exception> <!-- org.openqa.selenium.ElementClickInterceptedException -->
          <reporter-output>
          </reporter-output>
        </test-method> <!-- runScenario -->
        <test-method is-config="true" signature="tearDownClass()[pri:0, instance:RunnerPackage.RunnerSample@353352b6]" started-at="2024-03-27T22:20:33 IST" name="tearDownClass" finished-at="2024-03-27T22:20:33 IST" duration-ms="3" status="PASS">
          <reporter-output>
          </reporter-output>
        </test-method> <!-- tearDownClass -->
      </class> <!-- RunnerPackage.RunnerSample -->
    </test> <!-- Default test -->
  </suite> <!-- Default suite -->
</testng-results>
